<?xml version="1.0" encoding="UTF-8"?>
<!-- Generated by org.testng.reporters.JUnitXMLReporter -->
<testsuite ignored="0" hostname="LAPTOP-RLDCMF74" failures="0" tests="3" name="Test" time="14.649" errors="0" timestamp="2023-09-23T18:40:47 IST">
  <testcase classname="test.threee_OpenGeeks" name="launchone" time="5.595"/>
  <testcase classname="test.two_OpenGeeks" name="launchthree" time="5.523"/>
  <testcase classname="test.one_OpenGeeks" name="launchone" time="3.457"/>
</testsuite> <!-- Test -->
