<?xml version="1.0" encoding="UTF-8"?>
<!-- Generated by org.testng.reporters.JUnitXMLReporter -->
<testsuite ignored="0" hostname="LAPTOP-RLDCMF74" failures="0" tests="3" name="Test" time="12.496" errors="0" timestamp="2023-09-24T02:48:29 IST">
  <testcase classname="test.threee_OpenGeeks" name="launchone" time="7.043"/>
  <testcase classname="test.two_OpenGeeks" name="launchthree" time="2.569"/>
  <testcase classname="test.one_OpenGeeks" name="launchone" time="2.84"/>
</testsuite> <!-- Test -->
