<?xml version="1.0" encoding="UTF-8"?>
<testng-results ignored="0" total="3" passed="3" failed="0" skipped="0">
  <reporter-output>
  </reporter-output>
  <suite started-at="2023-09-24T02:48:16 IST" name="Suite" finished-at="2023-09-24T02:48:29 IST" duration-ms="12496">
    <groups>
    </groups>
    <test started-at="2023-09-24T02:48:16 IST" name="Test" finished-at="2023-09-24T02:48:29 IST" duration-ms="12496">
      <class name="test.one_OpenGeeks">
        <test-method signature="launchone()[pri:0, instance:test.one_OpenGeeks@35047d03]" started-at="2023-09-24T02:48:26 IST" name="launchone" finished-at="2023-09-24T02:48:29 IST" duration-ms="2840" status="PASS">
          <reporter-output>
          </reporter-output>
        </test-method> <!-- launchone -->
      </class> <!-- test.one_OpenGeeks -->
      <class name="test.threee_OpenGeeks">
        <test-method signature="launchone()[pri:0, instance:test.threee_OpenGeeks@1184ab05]" started-at="2023-09-24T02:48:16 IST" name="launchone" finished-at="2023-09-24T02:48:23 IST" duration-ms="7043" status="PASS">
          <reporter-output>
          </reporter-output>
        </test-method> <!-- launchone -->
      </class> <!-- test.threee_OpenGeeks -->
      <class name="test.two_OpenGeeks">
        <test-method signature="launchthree()[pri:0, instance:test.two_OpenGeeks@2473d930]" started-at="2023-09-24T02:48:23 IST" name="launchthree" finished-at="2023-09-24T02:48:26 IST" duration-ms="2569" status="PASS">
          <reporter-output>
          </reporter-output>
        </test-method> <!-- launchthree -->
      </class> <!-- test.two_OpenGeeks -->
    </test> <!-- Test -->
  </suite> <!-- Suite -->
</testng-results>
