<?xml version="1.0" encoding="UTF-8"?>
<testng-results ignored="0" total="3" passed="3" failed="0" skipped="0">
  <reporter-output>
  </reporter-output>
  <suite started-at="2023-09-23T18:40:32 IST" name="Suite" finished-at="2023-09-23T18:40:47 IST" duration-ms="14649">
    <groups>
    </groups>
    <test started-at="2023-09-23T18:40:32 IST" name="Test" finished-at="2023-09-23T18:40:47 IST" duration-ms="14649">
      <class name="test.one_OpenGeeks">
        <test-method signature="launchone()[pri:0, instance:test.one_OpenGeeks@795cd85e]" started-at="2023-09-23T18:40:43 IST" name="launchone" finished-at="2023-09-23T18:40:47 IST" duration-ms="3457" status="PASS">
          <reporter-output>
          </reporter-output>
        </test-method> <!-- launchone -->
      </class> <!-- test.one_OpenGeeks -->
      <class name="test.threee_OpenGeeks">
        <test-method signature="launchone()[pri:0, instance:test.threee_OpenGeeks@5119fb47]" started-at="2023-09-23T18:40:32 IST" name="launchone" finished-at="2023-09-23T18:40:38 IST" duration-ms="5595" status="PASS">
          <reporter-output>
          </reporter-output>
        </test-method> <!-- launchone -->
      </class> <!-- test.threee_OpenGeeks -->
      <class name="test.two_OpenGeeks">
        <test-method signature="launchthree()[pri:0, instance:test.two_OpenGeeks@402bba4f]" started-at="2023-09-23T18:40:38 IST" name="launchthree" finished-at="2023-09-23T18:40:43 IST" duration-ms="5523" status="PASS">
          <reporter-output>
          </reporter-output>
        </test-method> <!-- launchthree -->
      </class> <!-- test.two_OpenGeeks -->
    </test> <!-- Test -->
  </suite> <!-- Suite -->
</testng-results>
